<?xml version="1.0" encoding="UTF-8"?>
<!-- Generated by org.testng.reporters.JUnitXMLReporter -->
<testsuite ignored="0" hostname="DESKTOP-QI0FKD2" failures="0" tests="2" name="Surefire test" time="1328.645" errors="0" timestamp="2025-02-12T22:48:34 ICT">
  <testcase classname="io.cucumber.testng.AbstractTestNGCucumberTests" name="runScenario" time="616.768"/>
  <testcase classname="io.cucumber.testng.AbstractTestNGCucumberTests" name="runScenario" time="696.994"/>
</testsuite> <!-- Surefire test -->
