<?xml version="1.0" encoding="UTF-8"?>
<testng-results ignored="0" total="2" passed="2" failed="0" skipped="0">
  <reporter-output>
  </reporter-output>
  <suite started-at="2025-02-12T22:26:25 ICT" name="Surefire suite" finished-at="2025-02-12T22:48:34 ICT" duration-ms="1328645">
    <groups>
      <group name="cucumber">
        <method signature="AbstractTestNGCucumberTests.runScenario(io.cucumber.testng.PickleWrapper,io.cucumber.testng.FeatureWrapper)[pri:0, instance:com.calculator2.appium.runners.RunnerTest@2145b572]" name="runScenario" class="io.cucumber.testng.AbstractTestNGCucumberTests"/>
      </group> <!-- cucumber -->
    </groups>
    <test started-at="2025-02-12T22:26:25 ICT" name="Surefire test" finished-at="2025-02-12T22:48:34 ICT" duration-ms="1328645">
      <class name="com.calculator2.appium.runners.RunnerTest">
        <test-method is-config="true" signature="setUpClass(org.testng.ITestContext)[pri:0, instance:com.calculator2.appium.runners.RunnerTest@2145b572]" started-at="2025-02-12T22:26:25 ICT" name="setUpClass" finished-at="2025-02-12T22:26:38 ICT" duration-ms="12674" status="PASS">
          <params>
            <param index="0">
              <value>
                <![CDATA[org.testng.TestRunner@9a9aa68]]>
              </value>
            </param>
          </params>
          <reporter-output>
          </reporter-output>
        </test-method> <!-- setUpClass -->
        <test-method signature="runScenario(io.cucumber.testng.PickleWrapper,io.cucumber.testng.FeatureWrapper)[pri:0, instance:com.calculator2.appium.runners.RunnerTest@2145b572]" started-at="2025-02-12T22:26:38 ICT" name="runScenario" description="Runs Cucumber Scenarios" data-provider="scenarios" finished-at="2025-02-12T22:36:54 ICT" duration-ms="616768" status="PASS">
          <params>
            <param index="0">
              <value>
                <![CDATA["Menjumlahkan dua angka dengan data driven test"]]>
              </value>
            </param>
            <param index="1">
              <value>
                <![CDATA["Penjumlahan pada Kalkulator DDT"]]>
              </value>
            </param>
          </params>
          <reporter-output>
          </reporter-output>
        </test-method> <!-- runScenario -->
        <test-method signature="runScenario(io.cucumber.testng.PickleWrapper,io.cucumber.testng.FeatureWrapper)[pri:0, instance:com.calculator2.appium.runners.RunnerTest@2145b572]" started-at="2025-02-12T22:36:54 ICT" name="runScenario" description="Runs Cucumber Scenarios" data-provider="scenarios" finished-at="2025-02-12T22:48:31 ICT" duration-ms="696994" status="PASS">
          <params>
            <param index="0">
              <value>
                <![CDATA["Menjumlahkan dua angka dengan data driven test"]]>
              </value>
            </param>
            <param index="1">
              <value>
                <![CDATA["Penjumlahan pada Kalkulator DDT"]]>
              </value>
            </param>
          </params>
          <reporter-output>
          </reporter-output>
        </test-method> <!-- runScenario -->
        <test-method is-config="true" signature="tearDownClass()[pri:0, instance:com.calculator2.appium.runners.RunnerTest@2145b572]" started-at="2025-02-12T22:48:31 ICT" name="tearDownClass" finished-at="2025-02-12T22:48:34 ICT" duration-ms="2147" status="PASS">
          <reporter-output>
          </reporter-output>
        </test-method> <!-- tearDownClass -->
      </class> <!-- com.calculator2.appium.runners.RunnerTest -->
    </test> <!-- Surefire test -->
  </suite> <!-- Surefire suite -->
</testng-results>
